2025-03-14 11:59:46 [main] INFO  main.com.MainApp - Starting REST API server...
2025-03-14 11:59:46 [main] INFO  main.com.api.server.SimpleHttpServer - REST API started at http://localhost:8080/api/
2025-03-14 11:59:46 [JavaFX Application Thread] INFO  main.com.MainApp - Frontend (JavaFX) started.
2025-03-14 12:00:04 [main] INFO  main.com.MainApp - Starting REST API server...
2025-03-14 12:00:04 [main] ERROR main.com.MainApp - Failed to start REST API server
java.net.BindException: Address already in use
	at sun.nio.ch.Net.bind0(Native Method) ~[?:?]
	at sun.nio.ch.Net.bind(Net.java:565) ~[?:?]
	at sun.nio.ch.ServerSocketChannelImpl.netBind(ServerSocketChannelImpl.java:344) ~[?:?]
	at sun.nio.ch.ServerSocketChannelImpl.bind(ServerSocketChannelImpl.java:301) ~[?:?]
	at sun.nio.ch.ServerSocketAdaptor.bind(ServerSocketAdaptor.java:89) ~[?:?]
	at sun.net.httpserver.ServerImpl.<init>(ServerImpl.java:144) ~[jdk.httpserver:?]
	at sun.net.httpserver.HttpServerImpl.<init>(HttpServerImpl.java:50) ~[jdk.httpserver:?]
	at sun.net.httpserver.DefaultHttpServerProvider.createHttpServer(DefaultHttpServerProvider.java:35) ~[jdk.httpserver:?]
	at com.sun.net.httpserver.HttpServer.create(HttpServer.java:152) ~[jdk.httpserver:?]
	at main.com.api.server.SimpleHttpServer.startServer(SimpleHttpServer.java:16) ~[classes/:?]
	at main.com.MainApp.startBackend(MainApp.java:44) [classes/:?]
	at main.com.MainApp.main(MainApp.java:20) [classes/:?]
	at jdk.internal.reflect.DirectMethodHandleAccessor.invoke(DirectMethodHandleAccessor.java:103) ~[?:?]
	at java.lang.reflect.Method.invoke(Method.java:580) ~[?:?]
	at com.sun.javafx.application.LauncherImpl.launchApplicationWithArgs(LauncherImpl.java:464) [javafx.graphics.jar:?]
	at com.sun.javafx.application.LauncherImpl.launchApplication(LauncherImpl.java:364) [javafx.graphics.jar:?]
	at jdk.internal.reflect.DirectMethodHandleAccessor.invoke(DirectMethodHandleAccessor.java:103) ~[?:?]
	at java.lang.reflect.Method.invoke(Method.java:580) ~[?:?]
	at sun.launcher.LauncherHelper$FXHelper.main(LauncherHelper.java:1149) [?:?]
2025-03-14 12:00:04 [JavaFX Application Thread] INFO  main.com.MainApp - Frontend (JavaFX) started.
2025-03-14 12:15:44 [com.MainApp.main()] INFO  com.MainApp - Starting REST API server...
2025-03-14 12:15:44 [com.MainApp.main()] INFO  com.api.server.SimpleHttpServer - REST API started at http://localhost:8080/api/
2025-03-14 12:15:44 [JavaFX Application Thread] INFO  com.MainApp - Frontend (JavaFX) started.
2025-03-14 12:15:58 [com.MainApp.main()] INFO  com.MainApp - Stopping backend services...
2025-03-14 12:15:58 [com.MainApp.main()] INFO  com.api.server.SimpleHttpServer - REST API server stopped.
2025-03-14 13:13:36 [main] INFO  com.api.server.RestAPIServer - REST API Server running at http://localhost:8080/api
2025-03-14 13:15:31 [com.MainApp.main()] INFO  com.MainApp - Starting REST API server...
2025-03-14 13:15:31 [com.MainApp.main()] INFO  com.api.server.SimpleHttpServer - REST API started at http://localhost:8080/api/
2025-03-14 13:15:32 [JavaFX Application Thread] INFO  com.MainApp - Frontend (JavaFX) started.
2025-03-14 13:16:04 [com.MainApp.main()] INFO  com.MainApp - Stopping backend services...
2025-03-14 13:16:04 [com.MainApp.main()] INFO  com.api.server.SimpleHttpServer - REST API server stopped.
2025-03-14 13:36:50 [main] INFO  com.MainApp - Starting REST API server...
2025-03-14 13:36:51 [main] INFO  com.api.server.SimpleHttpServer - REST API started at http://localhost:8080/api/
2025-03-14 13:36:51 [JavaFX Application Thread] INFO  com.MainApp - Frontend (JavaFX) started.
2025-03-14 13:36:59 [main] INFO  com.MainApp - Stopping backend services...
2025-03-14 13:36:59 [main] INFO  com.api.server.SimpleHttpServer - REST API server stopped.
2025-03-14 13:39:19 [main] INFO  com.MainApp - Starting REST API server...
2025-03-14 13:39:19 [main] INFO  com.api.server.SimpleHttpServer - REST API started at http://localhost:8080/api/
2025-03-14 13:39:19 [JavaFX Application Thread] INFO  com.MainApp - Frontend (JavaFX) started.
2025-03-14 13:39:23 [main] INFO  com.MainApp - Stopping backend services...
2025-03-14 13:39:23 [main] INFO  com.api.server.SimpleHttpServer - REST API server stopped.
2025-03-14 13:40:29 [main] INFO  com.MainApp - Starting REST API server...
2025-03-14 13:40:29 [main] INFO  com.api.server.SimpleHttpServer - REST API started at http://localhost:8080/api/
2025-03-14 13:40:29 [JavaFX Application Thread] INFO  com.MainApp - Frontend (JavaFX) started.
2025-03-14 13:40:33 [main] INFO  com.MainApp - Stopping backend services...
2025-03-14 13:40:34 [main] INFO  com.api.server.SimpleHttpServer - REST API server stopped.
2025-03-14 13:42:56 [main] INFO  com.MainApp - Starting REST API server...
2025-03-14 13:42:56 [main] INFO  com.api.server.SimpleHttpServer - REST API started at http://localhost:8080/api/
2025-03-14 13:42:56 [JavaFX Application Thread] INFO  com.MainApp - Frontend (JavaFX) started.
2025-03-14 13:43:00 [main] INFO  com.MainApp - Stopping backend services...
2025-03-14 13:43:00 [main] INFO  com.api.server.SimpleHttpServer - REST API server stopped.
2025-03-14 13:43:25 [main] INFO  com.MainApp - Starting REST API server...
2025-03-14 13:43:25 [main] INFO  com.api.server.SimpleHttpServer - REST API started at http://localhost:8080/api/
2025-03-14 13:43:25 [JavaFX Application Thread] INFO  com.MainApp - Frontend (JavaFX) started.
2025-03-14 13:43:30 [main] INFO  com.MainApp - Stopping backend services...
2025-03-14 13:43:30 [main] INFO  com.api.server.SimpleHttpServer - REST API server stopped.
2025-03-14 13:44:59 [main] INFO  com.MainApp - Starting REST API server...
2025-03-14 13:44:59 [main] INFO  com.api.server.SimpleHttpServer - REST API started at http://localhost:8080/api/
2025-03-14 13:44:59 [JavaFX Application Thread] INFO  com.MainApp - Frontend (JavaFX) started.
2025-03-14 13:45:01 [main] INFO  com.MainApp - Stopping backend services...
2025-03-14 13:45:01 [main] INFO  com.api.server.SimpleHttpServer - REST API server stopped.
2025-03-14 13:45:45 [com.MainApp.main()] INFO  com.MainApp - Starting REST API server...
2025-03-14 13:45:45 [com.MainApp.main()] INFO  com.api.server.SimpleHttpServer - REST API started at http://localhost:8080/api/
2025-03-14 13:45:45 [JavaFX Application Thread] INFO  com.MainApp - Frontend (JavaFX) started.
2025-03-14 13:45:48 [com.MainApp.main()] INFO  com.MainApp - Stopping backend services...
2025-03-14 13:45:48 [com.MainApp.main()] INFO  com.api.server.SimpleHttpServer - REST API server stopped.
2025-03-14 13:46:27 [main] INFO  com.MainApp - Starting REST API server...
2025-03-14 13:46:27 [main] INFO  com.api.server.SimpleHttpServer - REST API started at http://localhost:8080/api/
2025-03-14 13:46:27 [JavaFX Application Thread] INFO  com.MainApp - Frontend (JavaFX) started.
2025-03-14 13:46:30 [main] INFO  com.MainApp - Stopping backend services...
2025-03-14 13:46:30 [main] INFO  com.api.server.SimpleHttpServer - REST API server stopped.
2025-03-14 13:57:53 [main] INFO  com.MainApp - Starting REST API server...
2025-03-14 13:57:53 [main] INFO  com.api.server.SimpleHttpServer - REST API started at http://localhost:8080/api/
2025-03-14 13:57:53 [JavaFX Application Thread] INFO  com.MainApp - Frontend (JavaFX) started.
2025-03-14 13:57:55 [main] INFO  com.MainApp - Stopping backend services...
2025-03-14 13:57:55 [main] INFO  com.api.server.SimpleHttpServer - REST API server stopped.
2025-03-14 14:19:05 [main] INFO  com.MainApp - Starting REST API server...
2025-03-14 14:19:05 [main] INFO  com.api.server.SimpleHttpServer - REST API started at http://localhost:8080/api/
2025-03-14 14:19:05 [JavaFX Application Thread] INFO  com.MainApp - Frontend (JavaFX) started.
2025-03-14 14:19:08 [main] INFO  com.MainApp - Stopping backend services...
2025-03-14 14:19:08 [main] INFO  com.api.server.SimpleHttpServer - REST API server stopped.
2025-03-14 15:39:55 [main] INFO  com.MainApp - Starting REST API server...
2025-03-14 15:39:55 [main] INFO  com.api.server.SimpleHttpServer - REST API started at http://localhost:8080/api/
2025-03-14 15:39:55 [JavaFX Application Thread] INFO  com.MainApp - Frontend (JavaFX) started.
2025-03-14 15:40:09 [main] INFO  com.MainApp - Stopping backend services...
2025-03-14 15:40:09 [main] INFO  com.api.server.SimpleHttpServer - REST API server stopped.
2025-03-14 19:28:40 [com.MainApp.main()] INFO  com.MainApp - 🚀 Application startup initiated...
2025-03-14 19:28:40 [com.MainApp.main()] INFO  com.MainApp - Starting REST API server...
2025-03-14 19:28:40 [com.MainApp.main()] INFO  com.api.server.SimpleHttpServer - REST API started at http://localhost:8080/api/
2025-03-14 19:28:40 [com.MainApp.main()] INFO  com.MainApp - ✅ REST API started at http://localhost:8080/api/
2025-03-14 19:28:40 [com.MainApp.main()] INFO  com.MainApp - 🚦 Now you can start Backend or Frontend separately.
2025-03-14 19:28:40 [com.MainApp.main()] INFO  com.MainApp - 🛑 Stopping REST API...
2025-03-14 19:28:40 [com.MainApp.main()] INFO  com.api.server.SimpleHttpServer - REST API server stopped.
2025-03-14 19:28:48 [com.MainApp.main()] INFO  com.MainApp - 🚀 Application startup initiated...
2025-03-14 19:28:48 [com.MainApp.main()] INFO  com.MainApp - Starting REST API server...
2025-03-14 19:28:48 [com.MainApp.main()] INFO  com.api.server.SimpleHttpServer - REST API started at http://localhost:8080/api/
2025-03-14 19:28:48 [com.MainApp.main()] INFO  com.MainApp - ✅ REST API started at http://localhost:8080/api/
2025-03-14 19:28:48 [com.MainApp.main()] INFO  com.MainApp - 🚦 Now you can start Backend or Frontend separately.
2025-03-14 19:28:48 [com.MainApp.main()] INFO  com.MainApp - 🛑 Stopping REST API...
2025-03-14 19:28:48 [com.MainApp.main()] INFO  com.api.server.SimpleHttpServer - REST API server stopped.
2025-03-14 19:37:18 [main] INFO  com.MainApp - 🚀 Application startup initiated...
2025-03-14 19:37:18 [main] INFO  com.MainApp - Starting REST API server...
2025-03-14 19:37:18 [main] INFO  com.api.server.SimpleHttpServer - REST API started at http://localhost:8080/api/
2025-03-14 19:37:18 [main] INFO  com.MainApp - ✅ REST API started at http://localhost:8080/api/
2025-03-14 19:37:18 [main] INFO  com.MainApp - 🚦 Now you can start Backend or Frontend separately.
2025-03-14 19:37:18 [main] INFO  com.MainApp - 🛑 Stopping REST API...
2025-03-14 19:37:18 [main] INFO  com.api.server.SimpleHttpServer - REST API server stopped.
2025-03-14 19:46:31 [com.MainApp.main()] INFO  com.MainApp - 🚀 Application startup initiated...
2025-03-14 19:46:31 [com.MainApp.main()] INFO  com.MainApp - Starting REST API server...
2025-03-14 19:46:31 [com.MainApp.main()] INFO  com.api.server.SimpleHttpServer - REST API started at http://localhost:8080/api/
2025-03-14 19:46:31 [com.MainApp.main()] INFO  com.MainApp - ✅ REST API started at http://localhost:8080/api/
2025-03-14 19:46:31 [com.MainApp.main()] INFO  com.MainApp - 🚦 Now you can start Backend or Frontend separately.
2025-03-14 19:46:31 [com.MainApp.main()] INFO  com.MainApp - 🛑 Stopping REST API...
2025-03-14 19:46:31 [com.MainApp.main()] INFO  com.api.server.SimpleHttpServer - REST API server stopped.
2025-03-14 19:52:00 [com.MainApp.main()] INFO  com.MainApp - 🚀 Application startup initiated...
2025-03-14 19:52:00 [com.MainApp.main()] INFO  com.MainApp - Starting REST API server...
2025-03-14 19:52:00 [com.MainApp.main()] INFO  com.api.server.SimpleHttpServer - REST API started at http://localhost:8080/api/
2025-03-14 19:52:00 [com.MainApp.main()] INFO  com.MainApp - ✅ REST API started at http://localhost:8080/api/
2025-03-14 19:52:00 [com.MainApp.main()] INFO  com.MainApp - 🚦 Now you can start Backend or Frontend separately.
2025-03-14 19:52:00 [com.MainApp.main()] INFO  com.MainApp - 🛑 Stopping REST API...
2025-03-14 19:52:00 [com.MainApp.main()] INFO  com.api.server.SimpleHttpServer - REST API server stopped.
2025-03-14 20:12:52 [main] INFO  com.MainApp - 🚀 Application startup initiated...
2025-03-14 20:12:52 [main] INFO  com.MainApp - Starting REST API server...
2025-03-14 20:12:52 [main] INFO  com.api.server.SimpleHttpServer - REST API started at http://localhost:8080/api/
2025-03-14 20:12:52 [main] INFO  com.MainApp - ✅ REST API started at http://localhost:8080/api/
2025-03-14 20:12:52 [main] INFO  com.MainApp - 🚦 Now you can start Backend or Frontend separately.
2025-03-14 20:12:52 [main] INFO  com.MainApp - 🛑 Stopping REST API...
2025-03-14 20:12:52 [main] INFO  com.api.server.SimpleHttpServer - REST API server stopped.
2025-03-14 20:22:16 [main] INFO  com.MainApp - 🚀 Application startup initiated...
2025-03-14 20:22:16 [main] INFO  com.MainApp - Starting REST API server...
2025-03-14 20:22:16 [main] INFO  com.api.server.SimpleHttpServer - REST API started at http://localhost:8080/api/
2025-03-14 20:22:16 [main] INFO  com.MainApp - ✅ REST API started at http://localhost:8080/api/
2025-03-14 20:22:16 [main] INFO  com.MainApp - 🚦 Now you can start Backend or Frontend separately.
2025-03-14 20:22:16 [main] INFO  com.MainApp - 🛑 Stopping REST API...
2025-03-14 20:22:16 [main] INFO  com.api.server.SimpleHttpServer - REST API server stopped.
2025-03-14 20:25:53 [main] INFO  com.MainApp - 🚀 Application startup initiated...
2025-03-14 20:25:53 [main] INFO  com.MainApp - Starting REST API server...
2025-03-14 20:25:53 [main] INFO  com.api.server.SimpleHttpServer - REST API started at http://localhost:8080/api/
2025-03-14 20:25:53 [main] INFO  com.MainApp - ✅ REST API started at http://localhost:8080/api/
2025-03-14 20:25:53 [main] INFO  com.MainApp - 🚦 Now you can start Backend or Frontend separately.
2025-03-14 20:25:53 [main] INFO  com.MainApp - 🛑 Stopping REST API...
2025-03-14 20:25:53 [main] INFO  com.api.server.SimpleHttpServer - REST API server stopped.
2025-03-14 20:26:07 [main] INFO  com.MainApp - 🚀 Application startup initiated...
2025-03-14 20:26:07 [main] INFO  com.MainApp - Starting REST API server...
2025-03-14 20:26:07 [main] INFO  com.api.server.SimpleHttpServer - REST API started at http://localhost:8080/api/
2025-03-14 20:26:07 [main] INFO  com.MainApp - ✅ REST API started at http://localhost:8080/api/
2025-03-14 20:26:07 [main] INFO  com.MainApp - 🚦 Now you can start Backend or Frontend separately.
2025-03-14 20:26:07 [main] INFO  com.MainApp - 🛑 Stopping REST API...
2025-03-14 20:26:07 [main] INFO  com.api.server.SimpleHttpServer - REST API server stopped.
2025-03-14 20:26:21 [main] INFO  com.MainApp - 🚀 Application startup initiated...
2025-03-14 20:26:21 [main] INFO  com.MainApp - Starting REST API server...
2025-03-14 20:26:21 [main] INFO  com.api.server.SimpleHttpServer - REST API started at http://localhost:8080/api/
2025-03-14 20:26:21 [main] INFO  com.MainApp - ✅ REST API started at http://localhost:8080/api/
2025-03-14 20:26:21 [main] INFO  com.MainApp - 🚦 Now you can start Backend or Frontend separately.
2025-03-14 20:26:21 [main] INFO  com.MainApp - 🛑 Stopping REST API...
2025-03-14 20:26:21 [main] INFO  com.api.server.SimpleHttpServer - REST API server stopped.
2025-03-14 20:30:54 [main] INFO  com.MainApp - 🚀 Application startup initiated...
2025-03-14 20:30:54 [main] INFO  com.MainApp - Starting REST API server...
2025-03-14 20:30:54 [main] INFO  com.api.server.SimpleHttpServer - REST API started at http://localhost:8080/api/
2025-03-14 20:30:54 [main] INFO  com.MainApp - ✅ REST API started at http://localhost:8080/api/
2025-03-14 20:30:54 [main] INFO  com.MainApp - 🚦 Now you can start Backend or Frontend separately.
2025-03-14 20:30:54 [main] INFO  com.MainApp - 🛑 Stopping REST API...
2025-03-14 20:30:54 [main] INFO  com.api.server.SimpleHttpServer - REST API server stopped.
2025-03-14 20:31:18 [main] INFO  com.MainApp - 🚀 Application startup initiated...
2025-03-14 20:31:18 [main] INFO  com.MainApp - Starting REST API server...
2025-03-14 20:31:18 [main] INFO  com.api.server.SimpleHttpServer - REST API started at http://localhost:8080/api/
2025-03-14 20:31:18 [main] INFO  com.MainApp - ✅ REST API started at http://localhost:8080/api/
2025-03-14 20:31:18 [main] INFO  com.MainApp - 🚦 Now you can start Backend or Frontend separately.
2025-03-14 20:31:18 [main] INFO  com.MainApp - 🛑 Stopping REST API...
2025-03-14 20:31:18 [main] INFO  com.api.server.SimpleHttpServer - REST API server stopped.
2025-03-14 20:32:10 [main] INFO  com.FrontendLauncher - 🎬 Launching Frontend (JavaFX)...
2025-03-14 20:32:10 [JavaFX Application Thread] INFO  com.FrontendLauncher - ✅ Frontend (JavaFX) started.
2025-03-14 20:32:36 [main] INFO  com.MainApp - Starting REST API server...
2025-03-14 20:32:36 [main] INFO  com.api.server.SimpleHttpServer - REST API started at http://localhost:8080/api/
2025-03-14 20:33:01 [main] INFO  com.MainApp - Starting REST API server...
2025-03-14 20:33:01 [main] INFO  com.api.server.SimpleHttpServer - REST API started at http://localhost:8080/api/
2025-03-14 20:40:23 [main] INFO  com.MainApp - Starting REST API server...
2025-03-14 20:40:23 [main] INFO  com.api.server.SimpleHttpServer - REST API started at http://localhost:8080/api/
2025-03-14 21:04:10 [main] INFO  com.MainApp - 🚀 Starting REST API server...
2025-03-14 21:04:10 [main] INFO  com.api.server.SimpleHttpServer - 📝 Saved REST API PID: 67668
2025-03-14 21:04:10 [main] INFO  com.api.server.SimpleHttpServer - ✅ REST API started at http://localhost:8080/api/
2025-03-14 21:04:32 [main] INFO  com.MainApp - 🚀 Starting Backend Services...
2025-03-14 21:06:29 [main] INFO  com.MainApp - 🚀 Starting REST API server...
2025-03-14 21:06:29 [main] ERROR com.MainApp - ❌ Failed to start REST API server
java.net.BindException: Address already in use
	at sun.nio.ch.Net.bind0(Native Method) ~[?:?]
	at sun.nio.ch.Net.bind(Net.java:565) ~[?:?]
	at sun.nio.ch.ServerSocketChannelImpl.netBind(ServerSocketChannelImpl.java:344) ~[?:?]
	at sun.nio.ch.ServerSocketChannelImpl.bind(ServerSocketChannelImpl.java:301) ~[?:?]
	at sun.nio.ch.ServerSocketAdaptor.bind(ServerSocketAdaptor.java:89) ~[?:?]
	at sun.net.httpserver.ServerImpl.<init>(ServerImpl.java:145) ~[jdk.httpserver:?]
	at sun.net.httpserver.HttpServerImpl.<init>(HttpServerImpl.java:50) ~[jdk.httpserver:?]
	at sun.net.httpserver.DefaultHttpServerProvider.createHttpServer(DefaultHttpServerProvider.java:35) ~[jdk.httpserver:?]
	at com.sun.net.httpserver.HttpServer.create(HttpServer.java:152) ~[jdk.httpserver:?]
	at com.api.server.SimpleHttpServer.startServer(SimpleHttpServer.java:19) ~[Deligo_delivery-1.0-SNAPSHOT.jar:?]
	at com.MainApp.startRestAPI(MainApp.java:38) [Deligo_delivery-1.0-SNAPSHOT.jar:?]
	at com.MainApp.main(MainApp.java:19) [Deligo_delivery-1.0-SNAPSHOT.jar:?]
2025-03-14 21:06:40 [main] INFO  com.MainApp - 🚀 Starting REST API server...
2025-03-14 21:06:40 [main] ERROR com.MainApp - ❌ Failed to start REST API server
java.net.BindException: Address already in use
	at sun.nio.ch.Net.bind0(Native Method) ~[?:?]
	at sun.nio.ch.Net.bind(Net.java:565) ~[?:?]
	at sun.nio.ch.ServerSocketChannelImpl.netBind(ServerSocketChannelImpl.java:344) ~[?:?]
	at sun.nio.ch.ServerSocketChannelImpl.bind(ServerSocketChannelImpl.java:301) ~[?:?]
	at sun.nio.ch.ServerSocketAdaptor.bind(ServerSocketAdaptor.java:89) ~[?:?]
	at sun.net.httpserver.ServerImpl.<init>(ServerImpl.java:145) ~[jdk.httpserver:?]
	at sun.net.httpserver.HttpServerImpl.<init>(HttpServerImpl.java:50) ~[jdk.httpserver:?]
	at sun.net.httpserver.DefaultHttpServerProvider.createHttpServer(DefaultHttpServerProvider.java:35) ~[jdk.httpserver:?]
	at com.sun.net.httpserver.HttpServer.create(HttpServer.java:152) ~[jdk.httpserver:?]
	at com.api.server.SimpleHttpServer.startServer(SimpleHttpServer.java:19) ~[Deligo_delivery-1.0-SNAPSHOT.jar:?]
	at com.MainApp.startRestAPI(MainApp.java:38) [Deligo_delivery-1.0-SNAPSHOT.jar:?]
	at com.MainApp.main(MainApp.java:19) [Deligo_delivery-1.0-SNAPSHOT.jar:?]
2025-03-14 21:25:14 [main] INFO  com.MainApp - 🚀 Starting Backend Services...
2025-03-14 23:03:41 [main] INFO  com.MainApp - 🚀 Starting REST API server...
2025-03-14 23:03:41 [main] INFO  com.api.server.SimpleHttpServer - ✅ REST API started at http://localhost:8080/api/
2025-03-14 23:03:41 [main] INFO  com.MainApp - 🚀 Starting Backend Services...
2025-03-14 23:03:41 [JavaFX Application Thread] INFO  com.MainApp - ✅ Frontend (JavaFX) started.
2025-03-14 23:03:45 [main] INFO  com.MainApp - 🛑 Stopping backend services...
2025-03-14 23:08:42 [main] INFO  com.MainApp - 🚀 Starting REST API server...
2025-03-14 23:08:42 [main] INFO  com.api.server.SimpleHttpServer - ✅ REST API started at http://localhost:8080/api/
2025-03-14 23:08:55 [main] INFO  com.MainApp - 🚀 Starting Backend Services...
2025-03-14 23:09:02 [main] INFO  com.FrontendLauncher - 🟢 Launching JavaFX Frontend...
2025-03-14 23:09:02 [JavaFX Application Thread] INFO  com.FrontendLauncher - ✅ JavaFX UI initialized successfully.
2025-03-14 23:09:04 [JavaFX Application Thread] INFO  com.FrontendLauncher - 🛑 Closing Frontend Application.
