2025-03-14 11:59:46 [main] INFO  main.com.deligo.MainApp - Starting REST API server...
2025-03-14 11:59:46 [main] INFO  main.com.deligo.RestApi.server.SimpleHttpServer - REST API started at http://localhost:8080/com.deligo.RestApi/
2025-03-14 11:59:46 [JavaFX Application Thread] INFO  main.com.deligo.MainApp - Frontend (JavaFX) started.
2025-03-14 12:00:04 [main] INFO  main.com.deligo.MainApp - Starting REST API server...
2025-03-14 12:00:04 [main] ERROR main.com.deligo.MainApp - Failed to start REST API server
java.net.BindException: Address already in use
	at sun.nio.ch.Net.bind0(Native Method) ~[?:?]
	at sun.nio.ch.Net.bind(Net.java:565) ~[?:?]
	at sun.nio.ch.ServerSocketChannelImpl.netBind(ServerSocketChannelImpl.java:344) ~[?:?]
	at sun.nio.ch.ServerSocketChannelImpl.bind(ServerSocketChannelImpl.java:301) ~[?:?]
	at sun.nio.ch.ServerSocketAdaptor.bind(ServerSocketAdaptor.java:89) ~[?:?]
	at sun.net.httpserver.ServerImpl.<init>(ServerImpl.java:144) ~[jdk.httpserver:?]
	at sun.net.httpserver.HttpServerImpl.<init>(HttpServerImpl.java:50) ~[jdk.httpserver:?]
	at sun.net.httpserver.DefaultHttpServerProvider.createHttpServer(DefaultHttpServerProvider.java:35) ~[jdk.httpserver:?]
	at com.sun.net.httpserver.HttpServer.create(HttpServer.java:152) ~[jdk.httpserver:?]
	at main.com.deligo.RestApi.server.SimpleHttpServer.startServer(SimpleHttpServer.java:16) ~[classes/:?]
	at main.com.deligo.MainApp.startBackend(com.deligo.MainApp.java:44) [classes/:?]
	at main.com.deligo.MainApp.main(com.deligo.MainApp.java:20) [classes/:?]
	at jdk.internal.reflect.DirectMethodHandleAccessor.invoke(DirectMethodHandleAccessor.java:103) ~[?:?]
	at java.lang.reflect.Method.invoke(Method.java:580) ~[?:?]
	at com.sun.javafx.application.LauncherImpl.launchApplicationWithArgs(LauncherImpl.java:464) [javafx.graphics.jar:?]
	at com.sun.javafx.application.LauncherImpl.launchApplication(LauncherImpl.java:364) [javafx.graphics.jar:?]
	at jdk.internal.reflect.DirectMethodHandleAccessor.invoke(DirectMethodHandleAccessor.java:103) ~[?:?]
	at java.lang.reflect.Method.invoke(Method.java:580) ~[?:?]
	at sun.launcher.LauncherHelper$FXHelper.main(LauncherHelper.java:1149) [?:?]
2025-03-14 12:00:04 [JavaFX Application Thread] INFO  main.com.deligo.MainApp - Frontend (JavaFX) started.
2025-03-14 12:15:44 [com.deligo.MainApp.main()] INFO  com.deligo.MainApp - Starting REST API server...
2025-03-14 12:15:44 [com.deligo.MainApp.main()] INFO  com.deligo.RestApi.server.SimpleHttpServer - REST API started at http://localhost:8080/com.deligo.RestApi/
2025-03-14 12:15:44 [JavaFX Application Thread] INFO  com.deligo.MainApp - Frontend (JavaFX) started.
2025-03-14 12:15:58 [com.deligo.MainApp.main()] INFO  com.deligo.MainApp - Stopping com.deligo.Backend services...
2025-03-14 12:15:58 [com.deligo.MainApp.main()] INFO  com.deligo.RestApi.server.SimpleHttpServer - REST API server stopped.
2025-03-14 13:13:36 [main] INFO  com.deligo.RestApi.server.RestAPIServer - REST API Server running at http://localhost:8080/com.deligo.RestApi
2025-03-14 13:15:31 [com.deligo.MainApp.main()] INFO  com.deligo.MainApp - Starting REST API server...
2025-03-14 13:15:31 [com.deligo.MainApp.main()] INFO  com.deligo.RestApi.server.SimpleHttpServer - REST API started at http://localhost:8080/com.deligo.RestApi/
2025-03-14 13:15:32 [JavaFX Application Thread] INFO  com.deligo.MainApp - Frontend (JavaFX) started.
2025-03-14 13:16:04 [com.deligo.MainApp.main()] INFO  com.deligo.MainApp - Stopping com.deligo.Backend services...
2025-03-14 13:16:04 [com.deligo.MainApp.main()] INFO  com.deligo.RestApi.server.SimpleHttpServer - REST API server stopped.
2025-03-14 13:36:50 [main] INFO  com.deligo.MainApp - Starting REST API server...
2025-03-14 13:36:51 [main] INFO  com.deligo.RestApi.server.SimpleHttpServer - REST API started at http://localhost:8080/com.deligo.RestApi/
2025-03-14 13:36:51 [JavaFX Application Thread] INFO  com.deligo.MainApp - Frontend (JavaFX) started.
2025-03-14 13:36:59 [main] INFO  com.deligo.MainApp - Stopping com.deligo.Backend services...
2025-03-14 13:36:59 [main] INFO  com.deligo.RestApi.server.SimpleHttpServer - REST API server stopped.
2025-03-14 13:39:19 [main] INFO  com.deligo.MainApp - Starting REST API server...
2025-03-14 13:39:19 [main] INFO  com.deligo.RestApi.server.SimpleHttpServer - REST API started at http://localhost:8080/com.deligo.RestApi/
2025-03-14 13:39:19 [JavaFX Application Thread] INFO  com.deligo.MainApp - Frontend (JavaFX) started.
2025-03-14 13:39:23 [main] INFO  com.deligo.MainApp - Stopping com.deligo.Backend services...
2025-03-14 13:39:23 [main] INFO  com.deligo.RestApi.server.SimpleHttpServer - REST API server stopped.
2025-03-14 13:40:29 [main] INFO  com.deligo.MainApp - Starting REST API server...
2025-03-14 13:40:29 [main] INFO  com.deligo.RestApi.server.SimpleHttpServer - REST API started at http://localhost:8080/com.deligo.RestApi/
2025-03-14 13:40:29 [JavaFX Application Thread] INFO  com.deligo.MainApp - Frontend (JavaFX) started.
2025-03-14 13:40:33 [main] INFO  com.deligo.MainApp - Stopping com.deligo.Backend services...
2025-03-14 13:40:34 [main] INFO  com.deligo.RestApi.server.SimpleHttpServer - REST API server stopped.
2025-03-14 13:42:56 [main] INFO  com.deligo.MainApp - Starting REST API server...
2025-03-14 13:42:56 [main] INFO  com.deligo.RestApi.server.SimpleHttpServer - REST API started at http://localhost:8080/com.deligo.RestApi/
2025-03-14 13:42:56 [JavaFX Application Thread] INFO  com.deligo.MainApp - Frontend (JavaFX) started.
2025-03-14 13:43:00 [main] INFO  com.deligo.MainApp - Stopping com.deligo.Backend services...
2025-03-14 13:43:00 [main] INFO  com.deligo.RestApi.server.SimpleHttpServer - REST API server stopped.
2025-03-14 13:43:25 [main] INFO  com.deligo.MainApp - Starting REST API server...
2025-03-14 13:43:25 [main] INFO  com.deligo.RestApi.server.SimpleHttpServer - REST API started at http://localhost:8080/com.deligo.RestApi/
2025-03-14 13:43:25 [JavaFX Application Thread] INFO  com.deligo.MainApp - Frontend (JavaFX) started.
2025-03-14 13:43:30 [main] INFO  com.deligo.MainApp - Stopping com.deligo.Backend services...
2025-03-14 13:43:30 [main] INFO  com.deligo.RestApi.server.SimpleHttpServer - REST API server stopped.
2025-03-14 13:44:59 [main] INFO  com.deligo.MainApp - Starting REST API server...
2025-03-14 13:44:59 [main] INFO  com.deligo.RestApi.server.SimpleHttpServer - REST API started at http://localhost:8080/com.deligo.RestApi/
2025-03-14 13:44:59 [JavaFX Application Thread] INFO  com.deligo.MainApp - Frontend (JavaFX) started.
2025-03-14 13:45:01 [main] INFO  com.deligo.MainApp - Stopping com.deligo.Backend services...
2025-03-14 13:45:01 [main] INFO  com.deligo.RestApi.server.SimpleHttpServer - REST API server stopped.
2025-03-14 13:45:45 [com.deligo.MainApp.main()] INFO  com.deligo.MainApp - Starting REST API server...
2025-03-14 13:45:45 [com.deligo.MainApp.main()] INFO  com.deligo.RestApi.server.SimpleHttpServer - REST API started at http://localhost:8080/com.deligo.RestApi/
2025-03-14 13:45:45 [JavaFX Application Thread] INFO  com.deligo.MainApp - Frontend (JavaFX) started.
2025-03-14 13:45:48 [com.deligo.MainApp.main()] INFO  com.deligo.MainApp - Stopping com.deligo.Backend services...
2025-03-14 13:45:48 [com.deligo.MainApp.main()] INFO  com.deligo.RestApi.server.SimpleHttpServer - REST API server stopped.
2025-03-14 13:46:27 [main] INFO  com.deligo.MainApp - Starting REST API server...
2025-03-14 13:46:27 [main] INFO  com.deligo.RestApi.server.SimpleHttpServer - REST API started at http://localhost:8080/com.deligo.RestApi/
2025-03-14 13:46:27 [JavaFX Application Thread] INFO  com.deligo.MainApp - Frontend (JavaFX) started.
2025-03-14 13:46:30 [main] INFO  com.deligo.MainApp - Stopping com.deligo.Backend services...
2025-03-14 13:46:30 [main] INFO  com.deligo.RestApi.server.SimpleHttpServer - REST API server stopped.
2025-03-14 13:57:53 [main] INFO  com.deligo.MainApp - Starting REST API server...
2025-03-14 13:57:53 [main] INFO  com.deligo.RestApi.server.SimpleHttpServer - REST API started at http://localhost:8080/com.deligo.RestApi/
2025-03-14 13:57:53 [JavaFX Application Thread] INFO  com.deligo.MainApp - Frontend (JavaFX) started.
2025-03-14 13:57:55 [main] INFO  com.deligo.MainApp - Stopping com.deligo.Backend services...
2025-03-14 13:57:55 [main] INFO  com.deligo.RestApi.server.SimpleHttpServer - REST API server stopped.
2025-03-14 14:19:05 [main] INFO  com.deligo.MainApp - Starting REST API server...
2025-03-14 14:19:05 [main] INFO  com.deligo.RestApi.server.SimpleHttpServer - REST API started at http://localhost:8080/com.deligo.RestApi/
2025-03-14 14:19:05 [JavaFX Application Thread] INFO  com.deligo.MainApp - Frontend (JavaFX) started.
2025-03-14 14:19:08 [main] INFO  com.deligo.MainApp - Stopping com.deligo.Backend services...
2025-03-14 14:19:08 [main] INFO  com.deligo.RestApi.server.SimpleHttpServer - REST API server stopped.
2025-03-14 15:39:55 [main] INFO  com.deligo.MainApp - Starting REST API server...
2025-03-14 15:39:55 [main] INFO  com.deligo.RestApi.server.SimpleHttpServer - REST API started at http://localhost:8080/com.deligo.RestApi/
2025-03-14 15:39:55 [JavaFX Application Thread] INFO  com.deligo.MainApp - Frontend (JavaFX) started.
2025-03-14 15:40:09 [main] INFO  com.deligo.MainApp - Stopping com.deligo.Backend services...
2025-03-14 15:40:09 [main] INFO  com.deligo.RestApi.server.SimpleHttpServer - REST API server stopped.
2025-03-14 19:28:40 [com.deligo.MainApp.main()] INFO  com.deligo.MainApp - 🚀 Application startup initiated...
2025-03-14 19:28:40 [com.deligo.MainApp.main()] INFO  com.deligo.MainApp - Starting REST API server...
2025-03-14 19:28:40 [com.deligo.MainApp.main()] INFO  com.deligo.RestApi.server.SimpleHttpServer - REST API started at http://localhost:8080/com.deligo.RestApi/
2025-03-14 19:28:40 [com.deligo.MainApp.main()] INFO  com.deligo.MainApp - ✅ REST API started at http://localhost:8080/com.deligo.RestApi/
2025-03-14 19:28:40 [com.deligo.MainApp.main()] INFO  com.deligo.MainApp - 🚦 Now you can start Backend or Frontend separately.
2025-03-14 19:28:40 [com.deligo.MainApp.main()] INFO  com.deligo.MainApp - 🛑 Stopping REST API...
2025-03-14 19:28:40 [com.deligo.MainApp.main()] INFO  com.deligo.RestApi.server.SimpleHttpServer - REST API server stopped.
2025-03-14 19:28:48 [com.deligo.MainApp.main()] INFO  com.deligo.MainApp - 🚀 Application startup initiated...
2025-03-14 19:28:48 [com.deligo.MainApp.main()] INFO  com.deligo.MainApp - Starting REST API server...
2025-03-14 19:28:48 [com.deligo.MainApp.main()] INFO  com.deligo.RestApi.server.SimpleHttpServer - REST API started at http://localhost:8080/com.deligo.RestApi/
2025-03-14 19:28:48 [com.deligo.MainApp.main()] INFO  com.deligo.MainApp - ✅ REST API started at http://localhost:8080/com.deligo.RestApi/
2025-03-14 19:28:48 [com.deligo.MainApp.main()] INFO  com.deligo.MainApp - 🚦 Now you can start Backend or Frontend separately.
2025-03-14 19:28:48 [com.deligo.MainApp.main()] INFO  com.deligo.MainApp - 🛑 Stopping REST API...
2025-03-14 19:28:48 [com.deligo.MainApp.main()] INFO  com.deligo.RestApi.server.SimpleHttpServer - REST API server stopped.
2025-03-14 19:37:18 [main] INFO  com.deligo.MainApp - 🚀 Application startup initiated...
2025-03-14 19:37:18 [main] INFO  com.deligo.MainApp - Starting REST API server...
2025-03-14 19:37:18 [main] INFO  com.deligo.RestApi.server.SimpleHttpServer - REST API started at http://localhost:8080/com.deligo.RestApi/
2025-03-14 19:37:18 [main] INFO  com.deligo.MainApp - ✅ REST API started at http://localhost:8080/com.deligo.RestApi/
2025-03-14 19:37:18 [main] INFO  com.deligo.MainApp - 🚦 Now you can start Backend or Frontend separately.
2025-03-14 19:37:18 [main] INFO  com.deligo.MainApp - 🛑 Stopping REST API...
2025-03-14 19:37:18 [main] INFO  com.deligo.RestApi.server.SimpleHttpServer - REST API server stopped.
2025-03-14 19:46:31 [com.deligo.MainApp.main()] INFO  com.deligo.MainApp - 🚀 Application startup initiated...
2025-03-14 19:46:31 [com.deligo.MainApp.main()] INFO  com.deligo.MainApp - Starting REST API server...
2025-03-14 19:46:31 [com.deligo.MainApp.main()] INFO  com.deligo.RestApi.server.SimpleHttpServer - REST API started at http://localhost:8080/com.deligo.RestApi/
2025-03-14 19:46:31 [com.deligo.MainApp.main()] INFO  com.deligo.MainApp - ✅ REST API started at http://localhost:8080/com.deligo.RestApi/
2025-03-14 19:46:31 [com.deligo.MainApp.main()] INFO  com.deligo.MainApp - 🚦 Now you can start Backend or Frontend separately.
2025-03-14 19:46:31 [com.deligo.MainApp.main()] INFO  com.deligo.MainApp - 🛑 Stopping REST API...
2025-03-14 19:46:31 [com.deligo.MainApp.main()] INFO  com.deligo.RestApi.server.SimpleHttpServer - REST API server stopped.
2025-03-14 19:52:00 [com.deligo.MainApp.main()] INFO  com.deligo.MainApp - 🚀 Application startup initiated...
2025-03-14 19:52:00 [com.deligo.MainApp.main()] INFO  com.deligo.MainApp - Starting REST API server...
2025-03-14 19:52:00 [com.deligo.MainApp.main()] INFO  com.deligo.RestApi.server.SimpleHttpServer - REST API started at http://localhost:8080/com.deligo.RestApi/
2025-03-14 19:52:00 [com.deligo.MainApp.main()] INFO  com.deligo.MainApp - ✅ REST API started at http://localhost:8080/com.deligo.RestApi/
2025-03-14 19:52:00 [com.deligo.MainApp.main()] INFO  com.deligo.MainApp - 🚦 Now you can start Backend or Frontend separately.
2025-03-14 19:52:00 [com.deligo.MainApp.main()] INFO  com.deligo.MainApp - 🛑 Stopping REST API...
2025-03-14 19:52:00 [com.deligo.MainApp.main()] INFO  com.deligo.RestApi.server.SimpleHttpServer - REST API server stopped.
2025-03-14 20:12:52 [main] INFO  com.deligo.MainApp - 🚀 Application startup initiated...
2025-03-14 20:12:52 [main] INFO  com.deligo.MainApp - Starting REST API server...
2025-03-14 20:12:52 [main] INFO  com.deligo.RestApi.server.SimpleHttpServer - REST API started at http://localhost:8080/com.deligo.RestApi/
2025-03-14 20:12:52 [main] INFO  com.deligo.MainApp - ✅ REST API started at http://localhost:8080/com.deligo.RestApi/
2025-03-14 20:12:52 [main] INFO  com.deligo.MainApp - 🚦 Now you can start Backend or Frontend separately.
2025-03-14 20:12:52 [main] INFO  com.deligo.MainApp - 🛑 Stopping REST API...
2025-03-14 20:12:52 [main] INFO  com.deligo.RestApi.server.SimpleHttpServer - REST API server stopped.
2025-03-14 20:22:16 [main] INFO  com.deligo.MainApp - 🚀 Application startup initiated...
2025-03-14 20:22:16 [main] INFO  com.deligo.MainApp - Starting REST API server...
2025-03-14 20:22:16 [main] INFO  com.deligo.RestApi.server.SimpleHttpServer - REST API started at http://localhost:8080/com.deligo.RestApi/
2025-03-14 20:22:16 [main] INFO  com.deligo.MainApp - ✅ REST API started at http://localhost:8080/com.deligo.RestApi/
2025-03-14 20:22:16 [main] INFO  com.deligo.MainApp - 🚦 Now you can start Backend or Frontend separately.
2025-03-14 20:22:16 [main] INFO  com.deligo.MainApp - 🛑 Stopping REST API...
2025-03-14 20:22:16 [main] INFO  com.deligo.RestApi.server.SimpleHttpServer - REST API server stopped.
2025-03-14 20:25:53 [main] INFO  com.deligo.MainApp - 🚀 Application startup initiated...
2025-03-14 20:25:53 [main] INFO  com.deligo.MainApp - Starting REST API server...
2025-03-14 20:25:53 [main] INFO  com.deligo.RestApi.server.SimpleHttpServer - REST API started at http://localhost:8080/com.deligo.RestApi/
2025-03-14 20:25:53 [main] INFO  com.deligo.MainApp - ✅ REST API started at http://localhost:8080/com.deligo.RestApi/
2025-03-14 20:25:53 [main] INFO  com.deligo.MainApp - 🚦 Now you can start Backend or Frontend separately.
2025-03-14 20:25:53 [main] INFO  com.deligo.MainApp - 🛑 Stopping REST API...
2025-03-14 20:25:53 [main] INFO  com.deligo.RestApi.server.SimpleHttpServer - REST API server stopped.
2025-03-14 20:26:07 [main] INFO  com.deligo.MainApp - 🚀 Application startup initiated...
2025-03-14 20:26:07 [main] INFO  com.deligo.MainApp - Starting REST API server...
2025-03-14 20:26:07 [main] INFO  com.deligo.RestApi.server.SimpleHttpServer - REST API started at http://localhost:8080/com.deligo.RestApi/
2025-03-14 20:26:07 [main] INFO  com.deligo.MainApp - ✅ REST API started at http://localhost:8080/com.deligo.RestApi/
2025-03-14 20:26:07 [main] INFO  com.deligo.MainApp - 🚦 Now you can start Backend or Frontend separately.
2025-03-14 20:26:07 [main] INFO  com.deligo.MainApp - 🛑 Stopping REST API...
2025-03-14 20:26:07 [main] INFO  com.deligo.RestApi.server.SimpleHttpServer - REST API server stopped.
2025-03-14 20:26:21 [main] INFO  com.deligo.MainApp - 🚀 Application startup initiated...
2025-03-14 20:26:21 [main] INFO  com.deligo.MainApp - Starting REST API server...
2025-03-14 20:26:21 [main] INFO  com.deligo.RestApi.server.SimpleHttpServer - REST API started at http://localhost:8080/com.deligo.RestApi/
2025-03-14 20:26:21 [main] INFO  com.deligo.MainApp - ✅ REST API started at http://localhost:8080/com.deligo.RestApi/
2025-03-14 20:26:21 [main] INFO  com.deligo.MainApp - 🚦 Now you can start Backend or Frontend separately.
2025-03-14 20:26:21 [main] INFO  com.deligo.MainApp - 🛑 Stopping REST API...
2025-03-14 20:26:21 [main] INFO  com.deligo.RestApi.server.SimpleHttpServer - REST API server stopped.
2025-03-14 20:30:54 [main] INFO  com.deligo.MainApp - 🚀 Application startup initiated...
2025-03-14 20:30:54 [main] INFO  com.deligo.MainApp - Starting REST API server...
2025-03-14 20:30:54 [main] INFO  com.deligo.RestApi.server.SimpleHttpServer - REST API started at http://localhost:8080/com.deligo.RestApi/
2025-03-14 20:30:54 [main] INFO  com.deligo.MainApp - ✅ REST API started at http://localhost:8080/com.deligo.RestApi/
2025-03-14 20:30:54 [main] INFO  com.deligo.MainApp - 🚦 Now you can start Backend or Frontend separately.
2025-03-14 20:30:54 [main] INFO  com.deligo.MainApp - 🛑 Stopping REST API...
2025-03-14 20:30:54 [main] INFO  com.deligo.RestApi.server.SimpleHttpServer - REST API server stopped.
2025-03-14 20:31:18 [main] INFO  com.deligo.MainApp - 🚀 Application startup initiated...
2025-03-14 20:31:18 [main] INFO  com.deligo.MainApp - Starting REST API server...
2025-03-14 20:31:18 [main] INFO  com.deligo.RestApi.server.SimpleHttpServer - REST API started at http://localhost:8080/com.deligo.RestApi/
2025-03-14 20:31:18 [main] INFO  com.deligo.MainApp - ✅ REST API started at http://localhost:8080/com.deligo.RestApi/
2025-03-14 20:31:18 [main] INFO  com.deligo.MainApp - 🚦 Now you can start Backend or Frontend separately.
2025-03-14 20:31:18 [main] INFO  com.deligo.MainApp - 🛑 Stopping REST API...
2025-03-14 20:31:18 [main] INFO  com.deligo.RestApi.server.SimpleHttpServer - REST API server stopped.
2025-03-14 20:32:10 [main] INFO  com.deligo.FrontendLauncher - 🎬 Launching Frontend (JavaFX)...
2025-03-14 20:32:10 [JavaFX Application Thread] INFO  com.deligo.FrontendLauncher - ✅ Frontend (JavaFX) started.
2025-03-14 20:32:36 [main] INFO  com.deligo.MainApp - Starting REST API server...
2025-03-14 20:32:36 [main] INFO  com.deligo.RestApi.server.SimpleHttpServer - REST API started at http://localhost:8080/com.deligo.RestApi/
2025-03-14 20:33:01 [main] INFO  com.deligo.MainApp - Starting REST API server...
2025-03-14 20:33:01 [main] INFO  com.deligo.RestApi.server.SimpleHttpServer - REST API started at http://localhost:8080/com.deligo.RestApi/
2025-03-14 20:40:23 [main] INFO  com.deligo.MainApp - Starting REST API server...
2025-03-14 20:40:23 [main] INFO  com.deligo.RestApi.server.SimpleHttpServer - REST API started at http://localhost:8080/com.deligo.RestApi/
2025-03-14 21:04:10 [main] INFO  com.deligo.MainApp - 🚀 Starting REST API server...
2025-03-14 21:04:10 [main] INFO  com.deligo.RestApi.server.SimpleHttpServer - 📝 Saved REST API PID: 67668
2025-03-14 21:04:10 [main] INFO  com.deligo.RestApi.server.SimpleHttpServer - ✅ REST API started at http://localhost:8080/com.deligo.RestApi/
2025-03-14 21:04:32 [main] INFO  com.deligo.MainApp - 🚀 Starting Backend Services...
2025-03-14 21:06:29 [main] INFO  com.deligo.MainApp - 🚀 Starting REST API server...
2025-03-14 21:06:29 [main] ERROR com.deligo.MainApp - ❌ Failed to start REST API server
java.net.BindException: Address already in use
	at sun.nio.ch.Net.bind0(Native Method) ~[?:?]
	at sun.nio.ch.Net.bind(Net.java:565) ~[?:?]
	at sun.nio.ch.ServerSocketChannelImpl.netBind(ServerSocketChannelImpl.java:344) ~[?:?]
	at sun.nio.ch.ServerSocketChannelImpl.bind(ServerSocketChannelImpl.java:301) ~[?:?]
	at sun.nio.ch.ServerSocketAdaptor.bind(ServerSocketAdaptor.java:89) ~[?:?]
	at sun.net.httpserver.ServerImpl.<init>(ServerImpl.java:145) ~[jdk.httpserver:?]
	at sun.net.httpserver.HttpServerImpl.<init>(HttpServerImpl.java:50) ~[jdk.httpserver:?]
	at sun.net.httpserver.DefaultHttpServerProvider.createHttpServer(DefaultHttpServerProvider.java:35) ~[jdk.httpserver:?]
	at com.sun.net.httpserver.HttpServer.create(HttpServer.java:152) ~[jdk.httpserver:?]
	at com.deligo.RestApi.server.SimpleHttpServer.startServer(SimpleHttpServer.java:19) ~[Deligo_delivery-1.0-SNAPSHOT.jar:?]
	at com.deligo.MainApp.startRestAPI(com.deligo.MainApp.java:38) [Deligo_delivery-1.0-SNAPSHOT.jar:?]
	at com.deligo.MainApp.main(com.deligo.MainApp.java:19) [Deligo_delivery-1.0-SNAPSHOT.jar:?]
2025-03-14 21:06:40 [main] INFO  com.deligo.MainApp - 🚀 Starting REST API server...
2025-03-14 21:06:40 [main] ERROR com.deligo.MainApp - ❌ Failed to start REST API server
java.net.BindException: Address already in use
	at sun.nio.ch.Net.bind0(Native Method) ~[?:?]
	at sun.nio.ch.Net.bind(Net.java:565) ~[?:?]
	at sun.nio.ch.ServerSocketChannelImpl.netBind(ServerSocketChannelImpl.java:344) ~[?:?]
	at sun.nio.ch.ServerSocketChannelImpl.bind(ServerSocketChannelImpl.java:301) ~[?:?]
	at sun.nio.ch.ServerSocketAdaptor.bind(ServerSocketAdaptor.java:89) ~[?:?]
	at sun.net.httpserver.ServerImpl.<init>(ServerImpl.java:145) ~[jdk.httpserver:?]
	at sun.net.httpserver.HttpServerImpl.<init>(HttpServerImpl.java:50) ~[jdk.httpserver:?]
	at sun.net.httpserver.DefaultHttpServerProvider.createHttpServer(DefaultHttpServerProvider.java:35) ~[jdk.httpserver:?]
	at com.sun.net.httpserver.HttpServer.create(HttpServer.java:152) ~[jdk.httpserver:?]
	at com.deligo.RestApi.server.SimpleHttpServer.startServer(SimpleHttpServer.java:19) ~[Deligo_delivery-1.0-SNAPSHOT.jar:?]
	at com.deligo.MainApp.startRestAPI(com.deligo.MainApp.java:38) [Deligo_delivery-1.0-SNAPSHOT.jar:?]
	at com.deligo.MainApp.main(com.deligo.MainApp.java:19) [Deligo_delivery-1.0-SNAPSHOT.jar:?]
2025-03-14 21:25:14 [main] INFO  com.deligo.MainApp - 🚀 Starting Backend Services...
2025-03-14 23:03:41 [main] INFO  com.deligo.MainApp - 🚀 Starting REST API server...
2025-03-14 23:03:41 [main] INFO  com.deligo.RestApi.server.SimpleHttpServer - ✅ REST API started at http://localhost:8080/com.deligo.RestApi/
2025-03-14 23:03:41 [main] INFO  com.deligo.MainApp - 🚀 Starting Backend Services...
2025-03-14 23:03:41 [JavaFX Application Thread] INFO  com.deligo.MainApp - ✅ Frontend (JavaFX) started.
2025-03-14 23:03:45 [main] INFO  com.deligo.MainApp - 🛑 Stopping com.deligo.Backend services...
2025-03-14 23:08:42 [main] INFO  com.deligo.MainApp - 🚀 Starting REST API server...
2025-03-14 23:08:42 [main] INFO  com.deligo.RestApi.server.SimpleHttpServer - ✅ REST API started at http://localhost:8080/com.deligo.RestApi/
2025-03-14 23:08:55 [main] INFO  com.deligo.MainApp - 🚀 Starting Backend Services...
2025-03-14 23:09:02 [main] INFO  com.deligo.FrontendLauncher - 🟢 Launching JavaFX Frontend...
2025-03-14 23:09:02 [JavaFX Application Thread] INFO  com.deligo.FrontendLauncher - ✅ JavaFX UI initialized successfully.
2025-03-14 23:09:04 [JavaFX Application Thread] INFO  com.deligo.FrontendLauncher - 🛑 Closing Frontend Application.
2025-03-15 16:30:08 INFO  GlobalLogger:45 - 2025-03-15 16:30:08 [SUCCESS] [HIGH] [LOGGING] : Logging loaded successfully
2025-03-15 16:30:08 ERROR GlobalLogger:43 - 2025-03-15 16:30:08 [ERROR] [HIGH] [MAVEN] : Invalid argument '{}'. Use 'restapi', 'com.deligo.Backend', or 'com.deligo.Frontend'
2025-03-15 16:32:28 INFO  GlobalLogger:45 - 2025-03-15 16:32:28 [SUCCESS] [HIGH] [LOGGING] : Logging loaded successfully
2025-03-15 16:32:28 ERROR GlobalLogger:43 - 2025-03-15 16:32:28 [ERROR] [HIGH] [MAVEN] : Invalid argument '{}'. Use 'restapi', 'com.deligo.Backend', or 'com.deligo.Frontend'
2025-03-15 16:33:22 INFO  GlobalLogger:45 - 2025-03-15 16:33:22 [SUCCESS] [HIGH] [LOGGING] : Logging loaded successfully
2025-03-15 16:40:14 INFO  GlobalLogger:45 - 2025-03-15 16:40:14 [SUCCESS] [HIGH] [LOGGING] : Logging loaded successfully
2025-03-15 16:44:38 INFO  GlobalLogger:45 - 2025-03-15 16:44:38 [SUCCESS] [HIGH] [LOGGING] : Logging loaded successfully
2025-03-15 16:44:49 INFO  GlobalLogger:45 - 2025-03-15 16:44:49 [SUCCESS] [HIGH] [LOGGING] : Logging loaded successfully
2025-03-15 16:48:42 INFO  GlobalLogger:45 - 2025-03-15 16:48:42 [SUCCESS] [HIGH] [LOGGING] : Logging loaded successfully
2025-03-15 16:50:28 INFO  GlobalLogger:45 - 2025-03-15 16:50:28 [SUCCESS] [HIGH] [LOGGING] : Logging loaded successfully
2025-03-15 16:52:50 INFO  GlobalLogger:45 - 2025-03-15 16:52:50 [SUCCESS] [HIGH] [LOGGING] : Logging loaded successfully
2025-03-15 16:53:01 INFO  GlobalLogger:45 - 2025-03-15 16:53:01 [SUCCESS] [HIGH] [LOGGING] : Logging loaded successfully
2025-03-15 17:32:41 INFO  GlobalLogger:45 - 2025-03-15 17:32:41 [SUCCESS] [HIGH] [LOGGING] : Logging loaded successfully
2025-03-15 18:32:27 INFO  GlobalLogger:45 - 2025-03-15 18:32:27 [SUCCESS] [HIGH] [LOGGING] : Logging loaded successfully
2025-03-15 18:38:32 INFO  GlobalLogger:45 - 2025-03-15 18:38:32 [SUCCESS] [HIGH] [LOGGING] : Logging loaded successfully
2025-03-15 18:38:32 INFO  GlobalLogger:45 - 2025-03-15 18:38:32 [SUCCESS] [HIGH] [REST_API] : REST API Server running on http://localhost:8080/api
2025-03-15 18:55:04 INFO  GlobalLogger:45 - 2025-03-15 18:55:04 [SUCCESS] [HIGH] [LOGGING] : Logging loaded successfully
2025-03-15 18:55:05 INFO  GlobalLogger:45 - 2025-03-15 18:55:05 [SUCCESS] [HIGH] [REST_API] : REST API Server running on http://localhost:8080/api
2025-03-15 18:55:05 ERROR GlobalLogger:43 - 2025-03-15 18:55:05 [ERROR] [HIGH] [REST_API] : REST API health checks failed!
2025-03-15 18:55:05 ERROR GlobalLogger:43 - 2025-03-15 18:55:05 [ERROR] [HIGH] [REST_API] : Error during health check: REST API health check failed!
2025-03-15 18:55:05 ERROR GlobalLogger:43 - 2025-03-15 18:55:05 [ERROR] [HIGH] [REST_API] : Rest Api didn't load initialize: REST API health check failed: REST API health check failed!
2025-03-15 18:56:29 INFO  GlobalLogger:45 - 2025-03-15 18:56:29 [SUCCESS] [HIGH] [LOGGING] : Logging loaded successfully
2025-03-15 18:56:29 INFO  GlobalLogger:45 - 2025-03-15 18:56:29 [SUCCESS] [HIGH] [REST_API] : REST API Server running on http://localhost:8080/api
2025-03-15 18:56:29 INFO  GlobalLogger:45 - 2025-03-15 18:56:29 [SUCCESS] [HIGH] [REST_API] : REST API health checks passed!
2025-03-15 18:58:31 INFO  GlobalLogger:45 - 2025-03-15 18:58:31 [SUCCESS] [HIGH] [LOGGING] : Logging loaded successfully
2025-03-15 18:58:31 INFO  GlobalLogger:45 - 2025-03-15 18:58:31 [SUCCESS] [HIGH] [REST_API] : REST API Server running on http://localhost:8080/api
2025-03-15 18:58:31 ERROR GlobalLogger:43 - 2025-03-15 18:58:31 [ERROR] [HIGH] [REST_API] : REST API health checks failed!
2025-03-15 18:58:31 ERROR GlobalLogger:43 - 2025-03-15 18:58:31 [ERROR] [HIGH] [REST_API] : Error during health check: REST API health check failed!
2025-03-15 18:58:31 ERROR GlobalLogger:43 - 2025-03-15 18:58:31 [ERROR] [HIGH] [REST_API] : Rest Api didn't load initialize: REST API health check failed: REST API health check failed!
2025-03-15 18:58:46 INFO  GlobalLogger:45 - 2025-03-15 18:58:46 [SUCCESS] [HIGH] [LOGGING] : Logging loaded successfully
2025-03-15 18:58:46 INFO  GlobalLogger:45 - 2025-03-15 18:58:46 [SUCCESS] [HIGH] [REST_API] : REST API Server running on http://localhost:8080/api
2025-03-15 18:58:46 INFO  GlobalLogger:45 - 2025-03-15 18:58:46 [SUCCESS] [HIGH] [REST_API] : REST API health checks passed!
2025-03-15 19:01:00 INFO  GlobalLogger:45 - 2025-03-15 19:01:00 [SUCCESS] [HIGH] [LOGGING] : Logging loaded successfully
2025-03-15 19:01:00 INFO  GlobalLogger:45 - 2025-03-15 19:01:00 [SUCCESS] [HIGH] [REST_API] : REST API Server running on http://localhost:8080/api
2025-03-15 19:01:01 INFO  GlobalLogger:45 - 2025-03-15 19:01:01 [SUCCESS] [HIGH] [REST_API] : REST API health checks passed!
2025-03-15 19:01:01 INFO  GlobalLogger:45 - 2025-03-15 19:01:01 [SUCCESS] [HIGH] [BE] : Backend initialized correctly.
2025-03-15 19:15:09 INFO  GlobalLogger:45 - 2025-03-15 19:15:09 [SUCCESS] [HIGH] [LOGGING] : Logging loaded successfully
2025-03-15 19:15:09 INFO  GlobalLogger:45 - 2025-03-15 19:15:09 [SUCCESS] [HIGH] [REST_API] : REST API Server running on http://localhost:8080/api
2025-03-15 19:15:09 INFO  GlobalLogger:45 - 2025-03-15 19:15:09 [SUCCESS] [HIGH] [REST_API] : REST API health checks passed!
2025-03-15 19:15:09 INFO  GlobalLogger:45 - 2025-03-15 19:15:09 [SUCCESS] [HIGH] [BE] : REST API health checks passed from Backend!
2025-03-15 19:15:09 INFO  GlobalLogger:45 - 2025-03-15 19:15:09 [SUCCESS] [HIGH] [BE] : Backend initialized correctly.
2025-03-15 19:20:27 INFO  GlobalLogger:45 - 2025-03-15 19:20:27 [SUCCESS] [HIGH] [LOGGING] : Logging loaded successfully
2025-03-15 19:20:27 INFO  GlobalLogger:45 - 2025-03-15 19:20:27 [SUCCESS] [HIGH] [REST_API] : REST API Server running on http://localhost:8080/api
2025-03-15 19:20:27 INFO  GlobalLogger:45 - 2025-03-15 19:20:27 [SUCCESS] [HIGH] [REST_API] : REST API health checks passed!
2025-03-15 19:20:27 INFO  GlobalLogger:45 - 2025-03-15 19:20:27 [SUCCESS] [HIGH] [BE] : REST API health checks passed from Backend!
2025-03-15 19:20:27 INFO  GlobalLogger:45 - 2025-03-15 19:20:27 [SUCCESS] [HIGH] [BE] : Backend initialized correctly.
2025-03-15 19:20:27 INFO  GlobalLogger:45 - 2025-03-15 19:20:27 [SUCCESS] [HIGH] [BE] : REST API health checks passed from Backend!
2025-03-15 19:20:27 ERROR GlobalLogger:43 - 2025-03-15 19:20:27 [ERROR] [HIGH] [FE] : FE -> BE communication test failed! Response: Unknown POST route: /api/be/testConnection
2025-03-15 19:24:04 INFO  GlobalLogger:45 - 2025-03-15 19:24:04 [SUCCESS] [HIGH] [LOGGING] : Logging loaded successfully
2025-03-15 19:24:04 INFO  GlobalLogger:45 - 2025-03-15 19:24:04 [SUCCESS] [HIGH] [REST_API] : REST API Server running on http://localhost:8080/api
2025-03-15 19:24:04 INFO  GlobalLogger:45 - 2025-03-15 19:24:04 [SUCCESS] [HIGH] [REST_API] : REST API health checks passed!
2025-03-15 19:24:04 INFO  GlobalLogger:45 - 2025-03-15 19:24:04 [SUCCESS] [HIGH] [BE] : REST API health checks passed from Backend!
2025-03-15 19:24:04 INFO  GlobalLogger:45 - 2025-03-15 19:24:04 [SUCCESS] [HIGH] [BE] : Backend initialized correctly.
2025-03-15 19:24:04 INFO  GlobalLogger:45 - 2025-03-15 19:24:04 [SUCCESS] [HIGH] [BE] : REST API health checks passed from Backend!
2025-03-15 19:24:04 INFO  GlobalLogger:45 - 2025-03-15 19:24:04 [SUCCESS] [MIDDLE] [BE] : Test connection validated successfully.
2025-03-15 19:24:04 INFO  GlobalLogger:45 - 2025-03-15 19:24:04 [SUCCESS] [HIGH] [FE] : FE -> BE communication test passed!
2025-03-15 19:28:48 INFO  GlobalLogger:45 - 2025-03-15 19:28:48 [SUCCESS] [HIGH] [LOGGING] : Logging loaded successfully
2025-03-15 19:28:49 INFO  GlobalLogger:45 - 2025-03-15 19:28:49 [SUCCESS] [HIGH] [REST_API] : REST API Server running on http://localhost:8080/api
2025-03-15 19:28:49 INFO  GlobalLogger:45 - 2025-03-15 19:28:49 [SUCCESS] [HIGH] [REST_API] : REST API health checks passed!
2025-03-15 19:28:49 INFO  GlobalLogger:45 - 2025-03-15 19:28:49 [SUCCESS] [HIGH] [BECKEND] : REST API health checks passed from Backend!
2025-03-15 19:28:49 INFO  GlobalLogger:45 - 2025-03-15 19:28:49 [SUCCESS] [HIGH] [BECKEND] : Backend initialized correctly.
2025-03-15 19:28:49 INFO  GlobalLogger:45 - 2025-03-15 19:28:49 [SUCCESS] [HIGH] [FRONTEND] : REST API health checks passed from Backend!
2025-03-15 19:28:49 INFO  GlobalLogger:45 - 2025-03-15 19:28:49 [SUCCESS] [MIDDLE] [BECKEND] : Test connection validated successfully.
2025-03-15 19:28:49 INFO  GlobalLogger:45 - 2025-03-15 19:28:49 [SUCCESS] [HIGH] [FRONTEND] : FE -> BE communication test passed!
2025-03-15 19:37:43 INFO  GlobalLogger:45 - 2025-03-15 19:37:43 [SUCCESS] [HIGH] [LOGGING] : Logging loaded successfully
2025-03-15 19:37:43 INFO  GlobalLogger:45 - 2025-03-15 19:37:43 [SUCCESS] [HIGH] [REST_API] : REST API Server running on http://localhost:8080/api
2025-03-15 19:37:44 INFO  GlobalLogger:45 - 2025-03-15 19:37:44 [SUCCESS] [HIGH] [REST_API] : REST API health checks passed!
2025-03-15 19:37:44 INFO  GlobalLogger:45 - 2025-03-15 19:37:44 [SUCCESS] [HIGH] [BECKEND] : REST API health checks passed from Backend!
2025-03-15 19:37:44 INFO  GlobalLogger:45 - 2025-03-15 19:37:44 [SUCCESS] [HIGH] [BECKEND] : Backend initialized correctly.
2025-03-15 19:37:44 INFO  GlobalLogger:45 - 2025-03-15 19:37:44 [SUCCESS] [HIGH] [FRONTEND] : REST API health checks passed from Backend!
2025-03-15 19:37:44 INFO  GlobalLogger:45 - 2025-03-15 19:37:44 [SUCCESS] [MIDDLE] [BECKEND] : Test connection validated successfully.
2025-03-15 19:37:44 INFO  GlobalLogger:45 - 2025-03-15 19:37:44 [SUCCESS] [HIGH] [FRONTEND] : FE -> BE communication test passed!
2025-03-15 19:45:58 INFO  GlobalLogger:45 - 2025-03-15 19:45:58 [SUCCESS] [HIGH] [LOGGING] : Logging loaded successfully
2025-03-15 19:45:58 INFO  GlobalLogger:45 - 2025-03-15 19:45:58 [SUCCESS] [HIGH] [REST_API] : REST API Server running on http://localhost:8080/api
2025-03-15 19:45:58 INFO  GlobalLogger:45 - 2025-03-15 19:45:58 [SUCCESS] [HIGH] [REST_API] : REST API health checks passed!
2025-03-15 19:45:58 INFO  GlobalLogger:45 - 2025-03-15 19:45:58 [SUCCESS] [HIGH] [BECKEND] : REST API health checks passed from Backend!
2025-03-15 19:45:58 INFO  GlobalLogger:45 - 2025-03-15 19:45:58 [SUCCESS] [HIGH] [BECKEND] : Backend initialized correctly.
2025-03-15 19:45:58 INFO  GlobalLogger:45 - 2025-03-15 19:45:58 [SUCCESS] [HIGH] [FRONTEND] : REST API health checks passed from Frontend!
2025-03-15 19:45:58 INFO  GlobalLogger:45 - 2025-03-15 19:45:58 [SUCCESS] [MIDDLE] [BECKEND] : Test connection validated successfully.
2025-03-15 19:45:58 INFO  GlobalLogger:45 - 2025-03-15 19:45:58 [SUCCESS] [HIGH] [FRONTEND] : FE -> BE communication test passed!
2025-03-15 19:47:52 INFO  GlobalLogger:45 - 2025-03-15 19:47:52 [SUCCESS] [HIGH] [LOGGING] : Logging loaded successfully
2025-03-15 19:47:52 INFO  GlobalLogger:45 - 2025-03-15 19:47:52 [SUCCESS] [HIGH] [REST_API] : REST API Server running on http://localhost:8080/api
2025-03-15 19:47:52 INFO  GlobalLogger:45 - 2025-03-15 19:47:52 [SUCCESS] [HIGH] [REST_API] : REST API health checks passed!
2025-03-15 19:47:52 INFO  GlobalLogger:45 - 2025-03-15 19:47:52 [SUCCESS] [HIGH] [BECKEND] : REST API health checks passed from Backend!
2025-03-15 19:47:52 INFO  GlobalLogger:45 - 2025-03-15 19:47:52 [SUCCESS] [HIGH] [BECKEND] : Backend initialized correctly.
2025-03-15 19:47:52 INFO  GlobalLogger:45 - 2025-03-15 19:47:52 [SUCCESS] [HIGH] [FRONTEND] : REST API health checks passed from Frontend!
2025-03-15 19:47:52 INFO  GlobalLogger:45 - 2025-03-15 19:47:52 [SUCCESS] [MIDDLE] [BECKEND] : Test connection validated successfully.
2025-03-15 19:47:52 INFO  GlobalLogger:45 - 2025-03-15 19:47:52 [SUCCESS] [HIGH] [FRONTEND] : FE -> BE communication test passed!
2025-03-15 19:55:44 INFO  GlobalLogger:45 - 2025-03-15 19:55:44 [SUCCESS] [HIGH] [LOGGING] : Logging loaded successfully
2025-03-15 19:55:44 INFO  GlobalLogger:45 - 2025-03-15 19:55:44 [SUCCESS] [HIGH] [REST_API] : REST API Server running on http://localhost:8080/api
2025-03-15 19:55:44 INFO  GlobalLogger:45 - 2025-03-15 19:55:44 [SUCCESS] [HIGH] [REST_API] : REST API health checks passed!
2025-03-15 19:55:44 INFO  GlobalLogger:45 - 2025-03-15 19:55:44 [SUCCESS] [HIGH] [BECKEND] : REST API health checks passed from Backend!
2025-03-15 19:55:44 INFO  GlobalLogger:45 - 2025-03-15 19:55:44 [SUCCESS] [HIGH] [BECKEND] : Backend initialized correctly.
2025-03-15 19:55:44 INFO  GlobalLogger:45 - 2025-03-15 19:55:44 [SUCCESS] [HIGH] [FRONTEND] : REST API health checks passed from Frontend!
2025-03-15 19:55:44 INFO  GlobalLogger:45 - 2025-03-15 19:55:44 [SUCCESS] [MIDDLE] [BECKEND] : Test connection validated successfully.
2025-03-15 19:55:44 INFO  GlobalLogger:45 - 2025-03-15 19:55:44 [SUCCESS] [HIGH] [FRONTEND] : FE -> BE communication test passed!
2025-03-15 19:55:44 INFO  GlobalLogger:45 - 2025-03-15 19:55:44 [SUCCESS] [HIGH] [FRONTEND] : Frontend Main Window launched successfully!
